2025-07-03 15:38:30,274 - __main__ - INFO - Запуск приложения Star Orion
2025-07-03 15:38:30,315 - __main__ - INFO - Инициализация главного окна
2025-07-03 15:38:30,498 - __main__ - INFO - Главное окно создано и показано
2025-07-03 15:38:30,499 - __main__ - INFO - Запуск цикла обработки событий Qt
2025-07-03 16:09:47,310 - __main__ - INFO - Приложение завершено с кодом: 0
2025-07-03 16:15:21,742 - __main__ - INFO - Запуск приложения Star Orion
2025-07-03 16:15:22,130 - __main__ - INFO - Инициализация главного окна
2025-07-03 16:15:22,297 - __main__ - INFO - Главное окно создано и показано
2025-07-03 16:15:22,298 - __main__ - INFO - Запуск цикла обработки событий Qt
2025-07-03 16:17:58,883 - __main__ - INFO - Приложение завершено с кодом: 0
2025-07-03 16:18:08,002 - __main__ - INFO - Запуск приложения Star Orion
2025-07-03 16:18:08,382 - __main__ - INFO - Инициализация главного окна
2025-07-03 16:18:08,417 - __main__ - ERROR - Ошибка создания главного окна: 'QFormLayout' object has no attribute 'addLayout'
2025-07-03 16:20:07,177 - __main__ - INFO - Запуск приложения Star Orion
2025-07-03 16:20:07,555 - __main__ - INFO - Инициализация главного окна
2025-07-03 16:20:07,641 - __main__ - ERROR - Ошибка создания главного окна: 'StatusIndicator' object has no attribute 'set_neutral'
2025-07-03 16:26:21,400 - __main__ - INFO - Запуск приложения Star Orion
2025-07-03 16:26:21,439 - __main__ - INFO - Инициализация главного окна
2025-07-03 16:26:21,630 - __main__ - INFO - Главное окно создано и показано
2025-07-03 16:26:21,630 - __main__ - INFO - Запуск цикла обработки событий Qt
2025-07-03 16:26:38,373 - __main__ - INFO - Приложение завершено с кодом: 0
2025-07-03 16:27:37,652 - __main__ - INFO - Запуск приложения Star Orion
2025-07-03 16:27:37,682 - __main__ - INFO - Инициализация главного окна
2025-07-03 16:27:37,897 - __main__ - INFO - Главное окно создано и показано
2025-07-03 16:27:37,898 - __main__ - INFO - Запуск цикла обработки событий Qt
2025-07-03 16:27:49,918 - __main__ - INFO - Приложение завершено с кодом: 0
2025-07-03 16:30:06,083 - __main__ - INFO - Запуск приложения Star Orion
2025-07-03 16:30:06,112 - __main__ - INFO - Инициализация главного окна
2025-07-03 16:30:06,303 - __main__ - INFO - Главное окно создано и показано
2025-07-03 16:30:06,303 - __main__ - INFO - Запуск цикла обработки событий Qt
2025-07-03 16:31:09,921 - __main__ - INFO - Приложение завершено с кодом: 0
